<?xml version="1.0" encoding="UTF-8"?>
<!-- Generated by org.testng.reporters.JUnitReportReporter -->
<testsuite hostname="DESKTOP-750D131" failures="0" tests="3" name="product.demoproduct" time="0.011" errors="0" timestamp="2023-05-01T16:43:45 IST" skipped="0">
  <testcase classname="product.demoproduct" name="createProduct" time="0.007"/>
  <system-out/>
  <testcase classname="product.demoproduct" name="modifyProduct" time="0.002"/>
  <system-out/>
  <testcase classname="product.demoproduct" name="deleteProduct" time="0.002"/>
  <system-out/>
</testsuite> <!-- product.demoproduct -->
