<?xml version="1.0" encoding="UTF-8"?>
<!-- Generated by org.testng.reporters.JUnitReportReporter -->
<testsuite hostname="DESKTOP-750D131" failures="0" tests="10" name="com.DataProviderbasic.agss5" time="36.445" errors="0" timestamp="2022-06-10T19:05:12 IST" skipped="0">
  <testcase classname="com.DataProviderbasic.agss5" name="LaunchBrowser" time="1.274"/>
  <system-out/>
  <testcase classname="com.DataProviderbasic.agss5" name="navigate" time="1.893"/>
  <system-out/>
  <testcase classname="com.DataProviderbasic.agss5" name="login" time="5.382"/>
  <system-out/>
  <testcase classname="com.DataProviderbasic.agss5" name="minimizewindow" time="0.607"/>
  <system-out/>
  <testcase classname="com.DataProviderbasic.agss5" name="createcustomer" time="6.122"/>
  <system-out/>
  <testcase classname="com.DataProviderbasic.agss5" name="createproject" time="4.689"/>
  <system-out/>
  <testcase classname="com.DataProviderbasic.agss5" name="deleteproject" time="8.859"/>
  <system-out/>
  <testcase classname="com.DataProviderbasic.agss5" name="deletecustomer" time="6.831"/>
  <system-out/>
  <testcase classname="com.DataProviderbasic.agss5" name="logout" time="0.421"/>
  <system-out/>
  <testcase classname="com.DataProviderbasic.agss5" name="closeapp" time="0.367"/>
  <system-out/>
</testsuite> <!-- com.DataProviderbasic.agss5 -->
