<?xml version="1.0" encoding="UTF-8"?>
<!-- Generated by org.testng.reporters.JUnitReportReporter -->
<testsuite hostname="DESKTOP-750D131" failures="0" tests="9" name="com.DataProviderbasic.agss4" time="32.864" errors="0" timestamp="2022-06-30T15:16:54 IST" skipped="0">
  <testcase classname="com.DataProviderbasic.agss4" name="launch" time="2.888"/>
  <system-out/>
  <testcase classname="com.DataProviderbasic.agss4" name="navigate" time="3.697"/>
  <system-out/>
  <testcase classname="com.DataProviderbasic.agss4" name="login" time="5.372"/>
  <system-out/>
  <testcase classname="com.DataProviderbasic.agss4" name="createcustomer" time="15.867"/>
  <system-out/>
  <testcase classname="com.DataProviderbasic.agss4" name="modifycustomer" time="1.151"/>
  <system-out/>
  <testcase classname="com.DataProviderbasic.agss4" name="minimizewindow" time="1.089"/>
  <system-out/>
  <testcase classname="com.DataProviderbasic.agss4" name="deletecustomer" time="1.136"/>
  <system-out/>
  <testcase classname="com.DataProviderbasic.agss4" name="logout" time="1.171"/>
  <system-out/>
  <testcase classname="com.DataProviderbasic.agss4" name="closeapp" time="0.493"/>
  <system-out/>
</testsuite> <!-- com.DataProviderbasic.agss4 -->
