<?xml version="1.0" encoding="UTF-8"?>
<!-- Generated by org.testng.reporters.JUnitReportReporter -->
<testsuite hostname="DESKTOP-750D131" failures="0" tests="30" name="com.DataProvider.Advance1" time="115.629" errors="0" timestamp="2022-06-10T15:52:39 IST" skipped="0">
  <testcase classname="com.DataProvider.Advance1" name="launchbrowser" time="3.114"/>
  <system-out/>
  <testcase classname="com.DataProvider.Advance1" name="navigate" time="2.562"/>
  <system-out/>
  <testcase classname="com.DataProvider.Advance1" name="login1" time="5.501"/>
  <system-out/>
  <testcase classname="com.DataProvider.Advance1" name="minimizewindow" time="1.597"/>
  <system-out/>
  <testcase classname="com.DataProvider.Advance1" name="createuser1" time="13.079"/>
  <system-out/>
  <testcase classname="com.DataProvider.Advance1" name="createuser2" time="10.704"/>
  <system-out/>
  <testcase classname="com.DataProvider.Advance1" name="createuser3" time="10.625"/>
  <system-out/>
  <testcase classname="com.DataProvider.Advance1" name="logout1" time="1.533"/>
  <system-out/>
  <testcase classname="com.DataProvider.Advance1" name="Loginuser1" time="10.786"/>
  <system-out/>
  <testcase classname="com.DataProvider.Advance1" name="logoutuser1" time="0.024"/>
  <system-out/>
  <testcase classname="com.DataProvider.Advance1" name="Loginuser2" time="11.464"/>
  <system-out/>
  <testcase classname="com.DataProvider.Advance1" name="logoutuser2" time="0.038"/>
  <system-out/>
  <testcase classname="com.DataProvider.Advance1" name="Loginuser3" time="11.640"/>
  <system-out/>
  <testcase classname="com.DataProvider.Advance1" name="logoutuser3" time="0.054"/>
  <system-out/>
  <testcase classname="com.DataProvider.Advance1" name="modifyuser1" time="0.032"/>
  <system-out/>
  <testcase classname="com.DataProvider.Advance1" name="modifyuser2" time="0.029"/>
  <system-out/>
  <testcase classname="com.DataProvider.Advance1" name="modifyuser3" time="0.025"/>
  <system-out/>
  <testcase classname="com.DataProvider.Advance1" name="logout2" time="0.055"/>
  <system-out/>
  <testcase classname="com.DataProvider.Advance1" name="Loginuser11" time="3.575"/>
  <system-out/>
  <testcase classname="com.DataProvider.Advance1" name="logoutuser11" time="0.052"/>
  <system-out/>
  <testcase classname="com.DataProvider.Advance1" name="Loginuser22" time="3.505"/>
  <system-out/>
  <testcase classname="com.DataProvider.Advance1" name="logoutuser22" time="0.099"/>
  <system-out/>
  <testcase classname="com.DataProvider.Advance1" name="Loginuser33" time="3.528"/>
  <system-out/>
  <testcase classname="com.DataProvider.Advance1" name="logoutuser33" time="0.089"/>
  <system-out/>
  <testcase classname="com.DataProvider.Advance1" name="login" time="5.539"/>
  <system-out/>
  <testcase classname="com.DataProvider.Advance1" name="Deleteuser1" time="5.299"/>
  <system-out/>
  <testcase classname="com.DataProvider.Advance1" name="Deleteuser2" time="4.523"/>
  <system-out/>
  <testcase classname="com.DataProvider.Advance1" name="Deleteuser3" time="4.514"/>
  <system-out/>
  <testcase classname="com.DataProvider.Advance1" name="logout3" time="1.496"/>
  <system-out/>
  <testcase classname="com.DataProvider.Advance1" name="closeapplication" time="0.548"/>
  <system-out/>
</testsuite> <!-- com.DataProvider.Advance1 -->
