<?xml version="1.0" encoding="UTF-8"?>
<!-- Generated by org.testng.reporters.JUnitReportReporter -->
<testsuite hostname="DESKTOP-750D131" failures="0" tests="13" name="com.DataProviderbasic.agss7" time="12.497" errors="0" timestamp="2022-06-10T19:05:12 IST" skipped="0">
  <testcase classname="com.DataProviderbasic.agss7" name="LaunchBrowser" time="1.255"/>
  <system-out/>
  <testcase classname="com.DataProviderbasic.agss7" name="navigate" time="1.734"/>
  <system-out/>
  <testcase classname="com.DataProviderbasic.agss7" name="login" time="5.509"/>
  <system-out/>
  <testcase classname="com.DataProviderbasic.agss7" name="minimizewindow" time="1.266"/>
  <system-out/>
  <testcase classname="com.DataProviderbasic.agss7" name="createcustomer" time="1.162"/>
  <system-out/>
  <testcase classname="com.DataProviderbasic.agss7" name="createproject" time="0.065"/>
  <system-out/>
  <testcase classname="com.DataProviderbasic.agss7" name="modifyproject" time="0.022"/>
  <system-out/>
  <testcase classname="com.DataProviderbasic.agss7" name="createtask" time="0.026"/>
  <system-out/>
  <testcase classname="com.DataProviderbasic.agss7" name="deletetask" time="0.023"/>
  <system-out/>
  <testcase classname="com.DataProviderbasic.agss7" name="deleteproject" time="0.019"/>
  <system-out/>
  <testcase classname="com.DataProviderbasic.agss7" name="deletecustomer" time="0.032"/>
  <system-out/>
  <testcase classname="com.DataProviderbasic.agss7" name="logout" time="1.093"/>
  <system-out/>
  <testcase classname="com.DataProviderbasic.agss7" name="closeapp" time="0.291"/>
  <system-out/>
</testsuite> <!-- com.DataProviderbasic.agss7 -->
