<?xml version="1.0" encoding="UTF-8"?>
<!-- Generated by org.testng.reporters.JUnitReportReporter -->
<testsuite hostname="DESKTOP-750D131" failures="0" tests="9" name="com.DataProviderbasic.agss2" time="35.865" errors="0" timestamp="2022-06-10T19:05:12 IST" skipped="0">
  <testcase classname="com.DataProviderbasic.agss2" name="LaunchBrowser" time="1.348"/>
  <system-out/>
  <testcase classname="com.DataProviderbasic.agss2" name="Navigate" time="1.798"/>
  <system-out/>
  <testcase classname="com.DataProviderbasic.agss2" name="login" time="5.392"/>
  <system-out/>
  <testcase classname="com.DataProviderbasic.agss2" name="minimizewindow" time="1.688"/>
  <system-out/>
  <testcase classname="com.DataProviderbasic.agss2" name="createuser" time="17.385"/>
  <system-out/>
  <testcase classname="com.DataProviderbasic.agss2" name="modifyuser" time="4.853"/>
  <system-out/>
  <testcase classname="com.DataProviderbasic.agss2" name="deleteuser" time="2.365"/>
  <system-out/>
  <testcase classname="com.DataProviderbasic.agss2" name="logout" time="0.607"/>
  <system-out/>
  <testcase classname="com.DataProviderbasic.agss2" name="closeAplication" time="0.429"/>
  <system-out/>
</testsuite> <!-- com.DataProviderbasic.agss2 -->
