<?xml version="1.0" encoding="UTF-8"?>
<!-- Generated by org.testng.reporters.JUnitReportReporter -->
<testsuite hostname="DESKTOP-750D131" failures="0" tests="38" name="com.DataProvider.Advance2" time="221.780" errors="0" timestamp="2022-06-10T15:56:43 IST" skipped="0">
  <testcase classname="com.DataProvider.Advance2" name="launchbrowser" time="2.954"/>
  <system-out/>
  <testcase classname="com.DataProvider.Advance2" name="navigate" time="4.374"/>
  <system-out/>
  <testcase classname="com.DataProvider.Advance2" name="Login1" time="3.452"/>
  <system-out/>
  <testcase classname="com.DataProvider.Advance2" name="minimizewindow" time="0.571"/>
  <system-out/>
  <testcase classname="com.DataProvider.Advance2" name="createuser1" time="12.686"/>
  <system-out/>
  <testcase classname="com.DataProvider.Advance2" name="logout1" time="1.481"/>
  <system-out/>
  <testcase classname="com.DataProvider.Advance2" name="Loginuser1" time="28.523"/>
  <system-out/>
  <testcase classname="com.DataProvider.Advance2" name="createuser2" time="11.858"/>
  <system-out/>
  <testcase classname="com.DataProvider.Advance2" name="logout2" time="1.500"/>
  <system-out/>
  <testcase classname="com.DataProvider.Advance2" name="Loginuser2" time="26.321"/>
  <system-out/>
  <testcase classname="com.DataProvider.Advance2" name="createuser3" time="11.692"/>
  <system-out/>
  <testcase classname="com.DataProvider.Advance2" name="logout3" time="1.559"/>
  <system-out/>
  <testcase classname="com.DataProvider.Advance2" name="Loginuser3" time="19.000"/>
  <system-out/>
  <testcase classname="com.DataProvider.Advance2" name="logout4" time="1.454"/>
  <system-out/>
  <testcase classname="com.DataProvider.Advance2" name="Loginuser22" time="5.597"/>
  <system-out/>
  <testcase classname="com.DataProvider.Advance2" name="modifyuser3" time="6.712"/>
  <system-out/>
  <testcase classname="com.DataProvider.Advance2" name="logout11" time="1.475"/>
  <system-out/>
  <testcase classname="com.DataProvider.Advance2" name="Loginuser33" time="12.631"/>
  <system-out/>
  <testcase classname="com.DataProvider.Advance2" name="logout6" time="1.471"/>
  <system-out/>
  <testcase classname="com.DataProvider.Advance2" name="Loginuser11" time="4.546"/>
  <system-out/>
  <testcase classname="com.DataProvider.Advance2" name="modifyuser2" time="7.157"/>
  <system-out/>
  <testcase classname="com.DataProvider.Advance2" name="logout5" time="1.442"/>
  <system-out/>
  <testcase classname="com.DataProvider.Advance2" name="Loginuser222" time="4.632"/>
  <system-out/>
  <testcase classname="com.DataProvider.Advance2" name="logout7" time="1.422"/>
  <system-out/>
  <testcase classname="com.DataProvider.Advance2" name="Login2" time="3.502"/>
  <system-out/>
  <testcase classname="com.DataProvider.Advance2" name="modifyuser1" time="6.776"/>
  <system-out/>
  <testcase classname="com.DataProvider.Advance2" name="logout8" time="1.413"/>
  <system-out/>
  <testcase classname="com.DataProvider.Advance2" name="Loginuser111" time="5.589"/>
  <system-out/>
  <testcase classname="com.DataProvider.Advance2" name="Deleteuser2" time="5.356"/>
  <system-out/>
  <testcase classname="com.DataProvider.Advance2" name="logout12" time="1.471"/>
  <system-out/>
  <testcase classname="com.DataProvider.Advance2" name="Loginuser2222" time="5.563"/>
  <system-out/>
  <testcase classname="com.DataProvider.Advance2" name="Deleteuser3" time="0.124"/>
  <system-out/>
  <testcase classname="com.DataProvider.Advance2" name="logout13" time="0.046"/>
  <system-out/>
  <testcase classname="com.DataProvider.Advance2" name="Loginuser333" time="11.598"/>
  <system-out/>
  <testcase classname="com.DataProvider.Advance2" name="Deleteuser1" time="0.023"/>
  <system-out/>
  <testcase classname="com.DataProvider.Advance2" name="Login3" time="3.427"/>
  <system-out/>
  <testcase classname="com.DataProvider.Advance2" name="logout14" time="1.899"/>
  <system-out/>
  <testcase classname="com.DataProvider.Advance2" name="closeapp" time="0.483"/>
  <system-out/>
</testsuite> <!-- com.DataProvider.Advance2 -->
