<?xml version="1.0" encoding="UTF-8"?>
<!-- Generated by org.testng.reporters.JUnitReportReporter -->
<testsuite hostname="DESKTOP-750D131" failures="0" tests="8" name="com.DataProviderbasic.agss3" time="29.584" errors="0" timestamp="2022-06-10T19:05:12 IST" skipped="0">
  <testcase classname="com.DataProviderbasic.agss3" name="launch" time="1.225"/>
  <system-out/>
  <testcase classname="com.DataProviderbasic.agss3" name="navigate" time="4.039"/>
  <system-out/>
  <testcase classname="com.DataProviderbasic.agss3" name="login" time="5.428"/>
  <system-out/>
  <testcase classname="com.DataProviderbasic.agss3" name="createcustomer" time="9.034"/>
  <system-out/>
  <testcase classname="com.DataProviderbasic.agss3" name="deletecustomer" time="4.849"/>
  <system-out/>
  <testcase classname="com.DataProviderbasic.agss3" name="minimizewindow" time="2.086"/>
  <system-out/>
  <testcase classname="com.DataProviderbasic.agss3" name="logout" time="2.540"/>
  <system-out/>
  <testcase classname="com.DataProviderbasic.agss3" name="closeapp" time="0.383"/>
  <system-out/>
</testsuite> <!-- com.DataProviderbasic.agss3 -->
