<?xml version="1.0" encoding="UTF-8"?>
<!-- Generated by org.testng.reporters.JUnitReportReporter -->
<testsuite hostname="DESKTOP-750D131" failures="0" tests="8" name="com.DataProviderbasic.agss1" time="36.760" errors="0" timestamp="2022-06-30T15:16:00 IST" skipped="0">
  <testcase classname="com.DataProviderbasic.agss1" name="LaunchBrowser" time="16.709"/>
  <system-out/>
  <testcase classname="com.DataProviderbasic.agss1" name="Navigate" time="13.854"/>
  <system-out/>
  <testcase classname="com.DataProviderbasic.agss1" name="login" time="5.455"/>
  <system-out/>
  <testcase classname="com.DataProviderbasic.agss1" name="minimizewindow" time="0.065"/>
  <system-out/>
  <testcase classname="com.DataProviderbasic.agss1" name="createuser" time="0.026"/>
  <system-out/>
  <testcase classname="com.DataProviderbasic.agss1" name="deleteuser" time="0.027"/>
  <system-out/>
  <testcase classname="com.DataProviderbasic.agss1" name="logout" time="0.023"/>
  <system-out/>
  <testcase classname="com.DataProviderbasic.agss1" name="closeAplication" time="0.601"/>
  <system-out/>
</testsuite> <!-- com.DataProviderbasic.agss1 -->
