<?xml version="1.0" encoding="UTF-8"?>
<!-- Generated by org.testng.reporters.JUnitReportReporter -->
<testsuite hostname="DESKTOP-750D131" failures="0" tests="38" name="com.DataProviderAdvance.Advance2" time="113.628" errors="0" timestamp="2022-06-10T18:40:06 IST" skipped="0">
  <testcase classname="com.DataProviderAdvance.Advance2" name="launchbrowser" time="1.206"/>
  <system-out/>
  <testcase classname="com.DataProviderAdvance.Advance2" name="navigate" time="4.663"/>
  <system-out/>
  <testcase classname="com.DataProviderAdvance.Advance2" name="Login1" time="3.292"/>
  <system-out/>
  <testcase classname="com.DataProviderAdvance.Advance2" name="minimizewindow" time="0.562"/>
  <system-out/>
  <testcase classname="com.DataProviderAdvance.Advance2" name="createuser1" time="13.561"/>
  <system-out/>
  <testcase classname="com.DataProviderAdvance.Advance2" name="logout1" time="1.291"/>
  <system-out/>
  <testcase classname="com.DataProviderAdvance.Advance2" name="Loginuser1" time="23.323"/>
  <system-out/>
  <testcase classname="com.DataProviderAdvance.Advance2" name="createuser2" time="10.848"/>
  <system-out/>
  <testcase classname="com.DataProviderAdvance.Advance2" name="logout2" time="1.368"/>
  <system-out/>
  <testcase classname="com.DataProviderAdvance.Advance2" name="Loginuser2" time="13.508"/>
  <system-out/>
  <testcase classname="com.DataProviderAdvance.Advance2" name="createuser3" time="10.979"/>
  <system-out/>
  <testcase classname="com.DataProviderAdvance.Advance2" name="logout3" time="1.076"/>
  <system-out/>
  <testcase classname="com.DataProviderAdvance.Advance2" name="Loginuser3" time="1.146"/>
  <system-out/>
  <testcase classname="com.DataProviderAdvance.Advance2" name="logout4" time="1.075"/>
  <system-out/>
  <testcase classname="com.DataProviderAdvance.Advance2" name="Loginuser22" time="1.131"/>
  <system-out/>
  <testcase classname="com.DataProviderAdvance.Advance2" name="modifyuser3" time="1.082"/>
  <system-out/>
  <testcase classname="com.DataProviderAdvance.Advance2" name="logout11" time="1.101"/>
  <system-out/>
  <testcase classname="com.DataProviderAdvance.Advance2" name="Loginuser33" time="1.137"/>
  <system-out/>
  <testcase classname="com.DataProviderAdvance.Advance2" name="logout6" time="1.087"/>
  <system-out/>
  <testcase classname="com.DataProviderAdvance.Advance2" name="Loginuser11" time="1.111"/>
  <system-out/>
  <testcase classname="com.DataProviderAdvance.Advance2" name="modifyuser2" time="1.069"/>
  <system-out/>
  <testcase classname="com.DataProviderAdvance.Advance2" name="logout5" time="1.124"/>
  <system-out/>
  <testcase classname="com.DataProviderAdvance.Advance2" name="Loginuser222" time="1.144"/>
  <system-out/>
  <testcase classname="com.DataProviderAdvance.Advance2" name="logout7" time="1.066"/>
  <system-out/>
  <testcase classname="com.DataProviderAdvance.Advance2" name="Login2" time="1.117"/>
  <system-out/>
  <testcase classname="com.DataProviderAdvance.Advance2" name="modifyuser1" time="1.079"/>
  <system-out/>
  <testcase classname="com.DataProviderAdvance.Advance2" name="logout8" time="1.085"/>
  <system-out/>
  <testcase classname="com.DataProviderAdvance.Advance2" name="Loginuser111" time="1.127"/>
  <system-out/>
  <testcase classname="com.DataProviderAdvance.Advance2" name="Deleteuser2" time="1.106"/>
  <system-out/>
  <testcase classname="com.DataProviderAdvance.Advance2" name="logout12" time="1.090"/>
  <system-out/>
  <testcase classname="com.DataProviderAdvance.Advance2" name="Loginuser2222" time="1.119"/>
  <system-out/>
  <testcase classname="com.DataProviderAdvance.Advance2" name="Deleteuser3" time="1.091"/>
  <system-out/>
  <testcase classname="com.DataProviderAdvance.Advance2" name="logout13" time="1.070"/>
  <system-out/>
  <testcase classname="com.DataProviderAdvance.Advance2" name="Loginuser333" time="1.119"/>
  <system-out/>
  <testcase classname="com.DataProviderAdvance.Advance2" name="Deleteuser1" time="1.105"/>
  <system-out/>
  <testcase classname="com.DataProviderAdvance.Advance2" name="Login3" time="1.091"/>
  <system-out/>
  <testcase classname="com.DataProviderAdvance.Advance2" name="logout14" time="1.043"/>
  <system-out/>
  <testcase classname="com.DataProviderAdvance.Advance2" name="closeapp" time="0.436"/>
  <system-out/>
</testsuite> <!-- com.DataProviderAdvance.Advance2 -->
