<?xml version="1.0" encoding="UTF-8"?>
<!-- Generated by org.testng.reporters.JUnitReportReporter -->
<testsuite hostname="DESKTOP-750D131" failures="0" tests="11" name="com.DataProviderbasic.agss6" time="41.850" errors="0" timestamp="2022-06-10T19:05:12 IST" skipped="0">
  <testcase classname="com.DataProviderbasic.agss6" name="LaunchBrowser" time="1.373"/>
  <system-out/>
  <testcase classname="com.DataProviderbasic.agss6" name="navigate" time="1.744"/>
  <system-out/>
  <testcase classname="com.DataProviderbasic.agss6" name="login" time="5.432"/>
  <system-out/>
  <testcase classname="com.DataProviderbasic.agss6" name="minimizewindow" time="0.647"/>
  <system-out/>
  <testcase classname="com.DataProviderbasic.agss6" name="createcustomer" time="6.284"/>
  <system-out/>
  <testcase classname="com.DataProviderbasic.agss6" name="createproject" time="4.604"/>
  <system-out/>
  <testcase classname="com.DataProviderbasic.agss6" name="modifyproject" time="9.078"/>
  <system-out/>
  <testcase classname="com.DataProviderbasic.agss6" name="deleteproject" time="8.695"/>
  <system-out/>
  <testcase classname="com.DataProviderbasic.agss6" name="deletecustomer" time="3.251"/>
  <system-out/>
  <testcase classname="com.DataProviderbasic.agss6" name="logout" time="0.495"/>
  <system-out/>
  <testcase classname="com.DataProviderbasic.agss6" name="closeapp" time="0.247"/>
  <system-out/>
</testsuite> <!-- com.DataProviderbasic.agss6 -->
