<?xml version="1.0" encoding="UTF-8"?>
<!-- Generated by org.testng.reporters.JUnitReportReporter -->
<testsuite hostname="DESKTOP-750D131" failures="0" tests="30" name="com.DataProviderAdvance.Advance1" time="53.383" errors="0" timestamp="2022-06-30T15:21:39 IST" skipped="0">
  <testcase classname="com.DataProviderAdvance.Advance1" name="launchbrowser" time="3.127"/>
  <system-out/>
  <testcase classname="com.DataProviderAdvance.Advance1" name="navigate" time="2.337"/>
  <system-out/>
  <testcase classname="com.DataProviderAdvance.Advance1" name="login1" time="5.615"/>
  <system-out/>
  <testcase classname="com.DataProviderAdvance.Advance1" name="minimizewindow" time="1.749"/>
  <system-out/>
  <testcase classname="com.DataProviderAdvance.Advance1" name="createuser1" time="13.291"/>
  <system-out/>
  <testcase classname="com.DataProviderAdvance.Advance1" name="createuser2" time="1.277"/>
  <system-out/>
  <testcase classname="com.DataProviderAdvance.Advance1" name="createuser3" time="1.070"/>
  <system-out/>
  <testcase classname="com.DataProviderAdvance.Advance1" name="logout1" time="1.205"/>
  <system-out/>
  <testcase classname="com.DataProviderAdvance.Advance1" name="Loginuser1" time="1.269"/>
  <system-out/>
  <testcase classname="com.DataProviderAdvance.Advance1" name="logoutuser1" time="1.129"/>
  <system-out/>
  <testcase classname="com.DataProviderAdvance.Advance1" name="Loginuser2" time="1.229"/>
  <system-out/>
  <testcase classname="com.DataProviderAdvance.Advance1" name="logoutuser2" time="1.126"/>
  <system-out/>
  <testcase classname="com.DataProviderAdvance.Advance1" name="Loginuser3" time="1.205"/>
  <system-out/>
  <testcase classname="com.DataProviderAdvance.Advance1" name="logoutuser3" time="1.135"/>
  <system-out/>
  <testcase classname="com.DataProviderAdvance.Advance1" name="modifyuser1" time="1.144"/>
  <system-out/>
  <testcase classname="com.DataProviderAdvance.Advance1" name="modifyuser2" time="1.162"/>
  <system-out/>
  <testcase classname="com.DataProviderAdvance.Advance1" name="modifyuser3" time="1.120"/>
  <system-out/>
  <testcase classname="com.DataProviderAdvance.Advance1" name="logout2" time="1.146"/>
  <system-out/>
  <testcase classname="com.DataProviderAdvance.Advance1" name="Loginuser11" time="1.170"/>
  <system-out/>
  <testcase classname="com.DataProviderAdvance.Advance1" name="logoutuser11" time="1.101"/>
  <system-out/>
  <testcase classname="com.DataProviderAdvance.Advance1" name="Loginuser22" time="1.168"/>
  <system-out/>
  <testcase classname="com.DataProviderAdvance.Advance1" name="logoutuser22" time="1.097"/>
  <system-out/>
  <testcase classname="com.DataProviderAdvance.Advance1" name="Loginuser33" time="1.222"/>
  <system-out/>
  <testcase classname="com.DataProviderAdvance.Advance1" name="logoutuser33" time="1.172"/>
  <system-out/>
  <testcase classname="com.DataProviderAdvance.Advance1" name="login" time="0.059"/>
  <system-out/>
  <testcase classname="com.DataProviderAdvance.Advance1" name="Deleteuser1" time="1.099"/>
  <system-out/>
  <testcase classname="com.DataProviderAdvance.Advance1" name="Deleteuser2" time="1.154"/>
  <system-out/>
  <testcase classname="com.DataProviderAdvance.Advance1" name="Deleteuser3" time="1.163"/>
  <system-out/>
  <testcase classname="com.DataProviderAdvance.Advance1" name="logout3" time="1.110"/>
  <system-out/>
  <testcase classname="com.DataProviderAdvance.Advance1" name="closeapplication" time="0.532"/>
  <system-out/>
</testsuite> <!-- com.DataProviderAdvance.Advance1 -->
