<?xml version="1.0" encoding="UTF-8"?>
<!-- Generated by org.testng.reporters.JUnitReportReporter -->
<testsuite hostname="DESKTOP-750D131" failures="0" tests="30" name="com.Assertions.Advance1" time="116.593" errors="0" timestamp="2022-06-10T15:33:51 IST" skipped="0">
  <testcase classname="com.Assertions.Advance1" name="launchbrowser" time="4.438"/>
  <system-out/>
  <testcase classname="com.Assertions.Advance1" name="navigate" time="2.786"/>
  <system-out/>
  <testcase classname="com.Assertions.Advance1" name="login1" time="5.537"/>
  <system-out/>
  <testcase classname="com.Assertions.Advance1" name="minimizewindow" time="1.737"/>
  <system-out/>
  <testcase classname="com.Assertions.Advance1" name="createuser1" time="12.950"/>
  <system-out/>
  <testcase classname="com.Assertions.Advance1" name="createuser2" time="10.579"/>
  <system-out/>
  <testcase classname="com.Assertions.Advance1" name="createuser3" time="10.733"/>
  <system-out/>
  <testcase classname="com.Assertions.Advance1" name="logout1" time="1.389"/>
  <system-out/>
  <testcase classname="com.Assertions.Advance1" name="Loginuser1" time="10.685"/>
  <system-out/>
  <testcase classname="com.Assertions.Advance1" name="logoutuser1" time="0.023"/>
  <system-out/>
  <testcase classname="com.Assertions.Advance1" name="Loginuser2" time="11.639"/>
  <system-out/>
  <testcase classname="com.Assertions.Advance1" name="logoutuser2" time="0.029"/>
  <system-out/>
  <testcase classname="com.Assertions.Advance1" name="Loginuser3" time="11.576"/>
  <system-out/>
  <testcase classname="com.Assertions.Advance1" name="logoutuser3" time="0.034"/>
  <system-out/>
  <testcase classname="com.Assertions.Advance1" name="modifyuser1" time="0.037"/>
  <system-out/>
  <testcase classname="com.Assertions.Advance1" name="modifyuser2" time="0.029"/>
  <system-out/>
  <testcase classname="com.Assertions.Advance1" name="modifyuser3" time="0.025"/>
  <system-out/>
  <testcase classname="com.Assertions.Advance1" name="logout2" time="0.024"/>
  <system-out/>
  <testcase classname="com.Assertions.Advance1" name="Loginuser11" time="3.461"/>
  <system-out/>
  <testcase classname="com.Assertions.Advance1" name="logoutuser11" time="0.083"/>
  <system-out/>
  <testcase classname="com.Assertions.Advance1" name="Loginuser22" time="3.557"/>
  <system-out/>
  <testcase classname="com.Assertions.Advance1" name="logoutuser22" time="0.090"/>
  <system-out/>
  <testcase classname="com.Assertions.Advance1" name="Loginuser33" time="3.345"/>
  <system-out/>
  <testcase classname="com.Assertions.Advance1" name="logoutuser33" time="0.089"/>
  <system-out/>
  <testcase classname="com.Assertions.Advance1" name="login" time="5.588"/>
  <system-out/>
  <testcase classname="com.Assertions.Advance1" name="Deleteuser1" time="5.234"/>
  <system-out/>
  <testcase classname="com.Assertions.Advance1" name="Deleteuser2" time="4.511"/>
  <system-out/>
  <testcase classname="com.Assertions.Advance1" name="Deleteuser3" time="4.420"/>
  <system-out/>
  <testcase classname="com.Assertions.Advance1" name="logout3" time="1.571"/>
  <system-out/>
  <testcase classname="com.Assertions.Advance1" name="closeapplication" time="0.394"/>
  <system-out/>
</testsuite> <!-- com.Assertions.Advance1 -->
